  復元対象のプロジェクトを決定しています...
C:\Users\shuitt\source\repos\MailDeck\MailDeck.Api\MailDeck.Api.csproj : warning NU1701: パッケージ 'Microsoft.IdentityModel 7.0.0' はプロジェクトのターゲット フレームワーク 'net10.0' ではなく '.NETFramework,Version=v4.6.1, .NETFramework,Version=v4.6.2, .NETFramework,Version=v4.7, .NETFramework,Version=v4.7.1, .NETFramework,Version=v4.7.2, .NETFramework,Version=v4.8, .NETFramework,Version=v4.8.1' を使用して復元されました。このパッケージは、使用しているプロジェクトとの完全な互換性がない可能性があります。
  復元対象のすべてのプロジェクトは最新です。
C:\Users\shuitt\source\repos\MailDeck\MailDeck.Api\MailDeck.Api.csproj : warning NU1701: パッケージ 'Microsoft.IdentityModel 7.0.0' はプロジェクトのターゲット フレームワーク 'net10.0' ではなく '.NETFramework,Version=v4.6.1, .NETFramework,Version=v4.6.2, .NETFramework,Version=v4.7, .NETFramework,Version=v4.7.1, .NETFramework,Version=v4.7.2, .NETFramework,Version=v4.8, .NETFramework,Version=v4.8.1' を使用して復元されました。このパッケージは、使用しているプロジェクトとの完全な互換性がない可能性があります。
C:\Users\shuitt\source\repos\MailDeck\MailDeck.Api\Controllers\MailController.cs(20,9): error CS0103: 現在のコンテキストに '_logger' という名前は存在しません [C:\Users\shuitt\source\repos\MailDeck\MailDeck.Api\MailDeck.Api.csproj]
C:\Users\shuitt\source\repos\MailDeck\MailDeck.Api\Controllers\ServerConfigController.cs(18,9): error CS0103: 現在のコンテキストに '_logger' という名前は存在しません [C:\Users\shuitt\source\repos\MailDeck\MailDeck.Api\MailDeck.Api.csproj]
C:\Users\shuitt\source\repos\MailDeck\MailDeck.Api\Controllers\ServerConfigController.cs(34,37): error CS7036: 'key' の必要なパラメーター 'PostgreSqlConnect.GetAsync<T>(object)' に対応する特定の引数がありません [C:\Users\shuitt\source\repos\MailDeck\MailDeck.Api\MailDeck.Api.csproj]
C:\Users\shuitt\source\repos\MailDeck\MailDeck.Api\Controllers\ServerConfigController.cs(50,13): error CS0103: 現在のコンテキストに '_logger' という名前は存在しません [C:\Users\shuitt\source\repos\MailDeck\MailDeck.Api\MailDeck.Api.csproj]
C:\Users\shuitt\source\repos\MailDeck\MailDeck.Api\Controllers\ServerConfigController.cs(82,13): error CS0103: 現在のコンテキストに '_logger' という名前は存在しません [C:\Users\shuitt\source\repos\MailDeck\MailDeck.Api\MailDeck.Api.csproj]
C:\Users\shuitt\source\repos\MailDeck\MailDeck.Api\Controllers\ServerConfigController.cs(92,13): error CS0103: 現在のコンテキストに '_logger' という名前は存在しません [C:\Users\shuitt\source\repos\MailDeck\MailDeck.Api\MailDeck.Api.csproj]
C:\Users\shuitt\source\repos\MailDeck\MailDeck.Api\Controllers\ServerConfigController.cs(121,13): error CS0103: 現在のコンテキストに '_logger' という名前は存在しません [C:\Users\shuitt\source\repos\MailDeck\MailDeck.Api\MailDeck.Api.csproj]
C:\Users\shuitt\source\repos\MailDeck\MailDeck.Api\Program.cs(114,65): error CS1061: 'ConfigurationManager' に 'GetAWSOptions' の定義が含まれておらず、型 'ConfigurationManager' の最初の引数を受け付けるアクセス可能な拡張メソッド 'GetAWSOptions' が見つかりませんでした。using ディレクティブまたはアセンブリ参照が不足していないことを確認してください [C:\Users\shuitt\source\repos\MailDeck\MailDeck.Api\MailDeck.Api.csproj]
C:\Users\shuitt\source\repos\MailDeck\MailDeck.Api\Program.cs(114,22): error CS1061: 'IServiceCollection' に 'AddDefaultAWSOptions' の定義が含まれておらず、型 'IServiceCollection' の最初の引数を受け付けるアクセス可能な拡張メソッド 'AddDefaultAWSOptions' が見つかりませんでした。using ディレクティブまたはアセンブリ参照が不足していないことを確認してください [C:\Users\shuitt\source\repos\MailDeck\MailDeck.Api\MailDeck.Api.csproj]
C:\Users\shuitt\source\repos\MailDeck\MailDeck.Api\Program.cs(115,22): error CS1061: 'IServiceCollection' に 'AddAWSService' の定義が含まれておらず、型 'IServiceCollection' の最初の引数を受け付けるアクセス可能な拡張メソッド 'AddAWSService' が見つかりませんでした。using ディレクティブまたはアセンブリ参照が不足していないことを確認してください [C:\Users\shuitt\source\repos\MailDeck\MailDeck.Api\MailDeck.Api.csproj]
C:\Users\shuitt\source\repos\MailDeck\MailDeck.Api\Controllers\MailController.cs(36,37): error CS7036: 'key' の必要なパラメーター 'PostgreSqlConnect.GetAsync<T>(object)' に対応する特定の引数がありません [C:\Users\shuitt\source\repos\MailDeck\MailDeck.Api\MailDeck.Api.csproj]
C:\Users\shuitt\source\repos\MailDeck\MailDeck.Api\Controllers\MailController.cs(48,39): error CS0103: 現在のコンテキストに 'FolderAccess' という名前は存在しません [C:\Users\shuitt\source\repos\MailDeck\MailDeck.Api\MailDeck.Api.csproj]
C:\Users\shuitt\source\repos\MailDeck\MailDeck.Api\Controllers\MailController.cs(56,68): error CS0103: 現在のコンテキストに 'MessageSummaryItems' という名前は存在しません [C:\Users\shuitt\source\repos\MailDeck\MailDeck.Api\MailDeck.Api.csproj]
C:\Users\shuitt\source\repos\MailDeck\MailDeck.Api\Controllers\MailController.cs(56,99): error CS0103: 現在のコンテキストに 'MessageSummaryItems' という名前は存在しません [C:\Users\shuitt\source\repos\MailDeck\MailDeck.Api\MailDeck.Api.csproj]
C:\Users\shuitt\source\repos\MailDeck\MailDeck.Api\Controllers\MailController.cs(56,134): error CS0103: 現在のコンテキストに 'MessageSummaryItems' という名前は存在しません [C:\Users\shuitt\source\repos\MailDeck\MailDeck.Api\MailDeck.Api.csproj]
C:\Users\shuitt\source\repos\MailDeck\MailDeck.Api\Controllers\MailController.cs(63,47): error CS0103: 現在のコンテキストに 'MessageFlags' という名前は存在しません [C:\Users\shuitt\source\repos\MailDeck\MailDeck.Api\MailDeck.Api.csproj]
C:\Users\shuitt\source\repos\MailDeck\MailDeck.Api\Controllers\MailController.cs(73,13): error CS0103: 現在のコンテキストに '_logger' という名前は存在しません [C:\Users\shuitt\source\repos\MailDeck\MailDeck.Api\MailDeck.Api.csproj]
C:\Users\shuitt\source\repos\MailDeck\MailDeck.Api\Controllers\MailController.cs(89,37): error CS7036: 'key' の必要なパラメーター 'PostgreSqlConnect.GetAsync<T>(object)' に対応する特定の引数がありません [C:\Users\shuitt\source\repos\MailDeck\MailDeck.Api\MailDeck.Api.csproj]
C:\Users\shuitt\source\repos\MailDeck\MailDeck.Api\Controllers\MailController.cs(114,13): error CS0103: 現在のコンテキストに '_logger' という名前は存在しません [C:\Users\shuitt\source\repos\MailDeck\MailDeck.Api\MailDeck.Api.csproj]
C:\Users\shuitt\source\repos\MailDeck\MailDeck.Api\Controllers\MailController.cs(120,13): error CS0103: 現在のコンテキストに '_logger' という名前は存在しません [C:\Users\shuitt\source\repos\MailDeck\MailDeck.Api\MailDeck.Api.csproj]

ビルドに失敗しました。

C:\Users\shuitt\source\repos\MailDeck\MailDeck.Api\MailDeck.Api.csproj : warning NU1701: パッケージ 'Microsoft.IdentityModel 7.0.0' はプロジェクトのターゲット フレームワーク 'net10.0' ではなく '.NETFramework,Version=v4.6.1, .NETFramework,Version=v4.6.2, .NETFramework,Version=v4.7, .NETFramework,Version=v4.7.1, .NETFramework,Version=v4.7.2, .NETFramework,Version=v4.8, .NETFramework,Version=v4.8.1' を使用して復元されました。このパッケージは、使用しているプロジェクトとの完全な互換性がない可能性があります。
C:\Users\shuitt\source\repos\MailDeck\MailDeck.Api\MailDeck.Api.csproj : warning NU1701: パッケージ 'Microsoft.IdentityModel 7.0.0' はプロジェクトのターゲット フレームワーク 'net10.0' ではなく '.NETFramework,Version=v4.6.1, .NETFramework,Version=v4.6.2, .NETFramework,Version=v4.7, .NETFramework,Version=v4.7.1, .NETFramework,Version=v4.7.2, .NETFramework,Version=v4.8, .NETFramework,Version=v4.8.1' を使用して復元されました。このパッケージは、使用しているプロジェクトとの完全な互換性がない可能性があります。
C:\Users\shuitt\source\repos\MailDeck\MailDeck.Api\Controllers\MailController.cs(20,9): error CS0103: 現在のコンテキストに '_logger' という名前は存在しません [C:\Users\shuitt\source\repos\MailDeck\MailDeck.Api\MailDeck.Api.csproj]
C:\Users\shuitt\source\repos\MailDeck\MailDeck.Api\Controllers\ServerConfigController.cs(18,9): error CS0103: 現在のコンテキストに '_logger' という名前は存在しません [C:\Users\shuitt\source\repos\MailDeck\MailDeck.Api\MailDeck.Api.csproj]
C:\Users\shuitt\source\repos\MailDeck\MailDeck.Api\Controllers\ServerConfigController.cs(34,37): error CS7036: 'key' の必要なパラメーター 'PostgreSqlConnect.GetAsync<T>(object)' に対応する特定の引数がありません [C:\Users\shuitt\source\repos\MailDeck\MailDeck.Api\MailDeck.Api.csproj]
C:\Users\shuitt\source\repos\MailDeck\MailDeck.Api\Controllers\ServerConfigController.cs(50,13): error CS0103: 現在のコンテキストに '_logger' という名前は存在しません [C:\Users\shuitt\source\repos\MailDeck\MailDeck.Api\MailDeck.Api.csproj]
C:\Users\shuitt\source\repos\MailDeck\MailDeck.Api\Controllers\ServerConfigController.cs(82,13): error CS0103: 現在のコンテキストに '_logger' という名前は存在しません [C:\Users\shuitt\source\repos\MailDeck\MailDeck.Api\MailDeck.Api.csproj]
C:\Users\shuitt\source\repos\MailDeck\MailDeck.Api\Controllers\ServerConfigController.cs(92,13): error CS0103: 現在のコンテキストに '_logger' という名前は存在しません [C:\Users\shuitt\source\repos\MailDeck\MailDeck.Api\MailDeck.Api.csproj]
C:\Users\shuitt\source\repos\MailDeck\MailDeck.Api\Controllers\ServerConfigController.cs(121,13): error CS0103: 現在のコンテキストに '_logger' という名前は存在しません [C:\Users\shuitt\source\repos\MailDeck\MailDeck.Api\MailDeck.Api.csproj]
C:\Users\shuitt\source\repos\MailDeck\MailDeck.Api\Program.cs(114,65): error CS1061: 'ConfigurationManager' に 'GetAWSOptions' の定義が含まれておらず、型 'ConfigurationManager' の最初の引数を受け付けるアクセス可能な拡張メソッド 'GetAWSOptions' が見つかりませんでした。using ディレクティブまたはアセンブリ参照が不足していないことを確認してください [C:\Users\shuitt\source\repos\MailDeck\MailDeck.Api\MailDeck.Api.csproj]
C:\Users\shuitt\source\repos\MailDeck\MailDeck.Api\Program.cs(114,22): error CS1061: 'IServiceCollection' に 'AddDefaultAWSOptions' の定義が含まれておらず、型 'IServiceCollection' の最初の引数を受け付けるアクセス可能な拡張メソッド 'AddDefaultAWSOptions' が見つかりませんでした。using ディレクティブまたはアセンブリ参照が不足していないことを確認してください [C:\Users\shuitt\source\repos\MailDeck\MailDeck.Api\MailDeck.Api.csproj]
C:\Users\shuitt\source\repos\MailDeck\MailDeck.Api\Program.cs(115,22): error CS1061: 'IServiceCollection' に 'AddAWSService' の定義が含まれておらず、型 'IServiceCollection' の最初の引数を受け付けるアクセス可能な拡張メソッド 'AddAWSService' が見つかりませんでした。using ディレクティブまたはアセンブリ参照が不足していないことを確認してください [C:\Users\shuitt\source\repos\MailDeck\MailDeck.Api\MailDeck.Api.csproj]
C:\Users\shuitt\source\repos\MailDeck\MailDeck.Api\Controllers\MailController.cs(36,37): error CS7036: 'key' の必要なパラメーター 'PostgreSqlConnect.GetAsync<T>(object)' に対応する特定の引数がありません [C:\Users\shuitt\source\repos\MailDeck\MailDeck.Api\MailDeck.Api.csproj]
C:\Users\shuitt\source\repos\MailDeck\MailDeck.Api\Controllers\MailController.cs(48,39): error CS0103: 現在のコンテキストに 'FolderAccess' という名前は存在しません [C:\Users\shuitt\source\repos\MailDeck\MailDeck.Api\MailDeck.Api.csproj]
C:\Users\shuitt\source\repos\MailDeck\MailDeck.Api\Controllers\MailController.cs(56,68): error CS0103: 現在のコンテキストに 'MessageSummaryItems' という名前は存在しません [C:\Users\shuitt\source\repos\MailDeck\MailDeck.Api\MailDeck.Api.csproj]
C:\Users\shuitt\source\repos\MailDeck\MailDeck.Api\Controllers\MailController.cs(56,99): error CS0103: 現在のコンテキストに 'MessageSummaryItems' という名前は存在しません [C:\Users\shuitt\source\repos\MailDeck\MailDeck.Api\MailDeck.Api.csproj]
C:\Users\shuitt\source\repos\MailDeck\MailDeck.Api\Controllers\MailController.cs(56,134): error CS0103: 現在のコンテキストに 'MessageSummaryItems' という名前は存在しません [C:\Users\shuitt\source\repos\MailDeck\MailDeck.Api\MailDeck.Api.csproj]
C:\Users\shuitt\source\repos\MailDeck\MailDeck.Api\Controllers\MailController.cs(63,47): error CS0103: 現在のコンテキストに 'MessageFlags' という名前は存在しません [C:\Users\shuitt\source\repos\MailDeck\MailDeck.Api\MailDeck.Api.csproj]
C:\Users\shuitt\source\repos\MailDeck\MailDeck.Api\Controllers\MailController.cs(73,13): error CS0103: 現在のコンテキストに '_logger' という名前は存在しません [C:\Users\shuitt\source\repos\MailDeck\MailDeck.Api\MailDeck.Api.csproj]
C:\Users\shuitt\source\repos\MailDeck\MailDeck.Api\Controllers\MailController.cs(89,37): error CS7036: 'key' の必要なパラメーター 'PostgreSqlConnect.GetAsync<T>(object)' に対応する特定の引数がありません [C:\Users\shuitt\source\repos\MailDeck\MailDeck.Api\MailDeck.Api.csproj]
C:\Users\shuitt\source\repos\MailDeck\MailDeck.Api\Controllers\MailController.cs(114,13): error CS0103: 現在のコンテキストに '_logger' という名前は存在しません [C:\Users\shuitt\source\repos\MailDeck\MailDeck.Api\MailDeck.Api.csproj]
C:\Users\shuitt\source\repos\MailDeck\MailDeck.Api\Controllers\MailController.cs(120,13): error CS0103: 現在のコンテキストに '_logger' という名前は存在しません [C:\Users\shuitt\source\repos\MailDeck\MailDeck.Api\MailDeck.Api.csproj]
    2 個の警告
    20 エラー

経過時間 00:00:01.21
